<?xml version="1.0" encoding="utf-8"?><testsuites name="pytest tests"><testsuite name="pytest" errors="0" failures="0" skipped="0" tests="10" time="4.650" timestamp="2026-06-02T23:17:23.226559+00:00" hostname="agent-env-6cf6a180-69a8-4dc2-8767-0ebb6441c353"><testcase classname="backend.tests.test_notifications.TestNotificationList" name="test_list_notifications_admin" time="0.309" /><testcase classname="backend.tests.test_notifications.TestNotificationList" name="test_admin_includes_unassigned_handoff" time="0.137" /><testcase classname="backend.tests.test_notifications.TestNotificationList" name="test_admin_includes_overdue_task" time="0.138" /><testcase classname="backend.tests.test_notifications.TestNotificationList" name="test_unread_count" time="0.256" /><testcase classname="backend.tests.test_notifications.TestMarkRead" name="test_mark_single_read_decreases_count" time="0.598" /><testcase classname="backend.tests.test_notifications.TestMarkRead" name="test_mark_all_read" time="0.568" /><testcase classname="backend.tests.test_notifications.TestSimulateInbound" name="test_simulate_inbound_creates_new_message_notif" time="0.681" /><testcase classname="backend.tests.test_notifications.TestHandoffDedup" name="test_handoff_toggle_dedup" time="1.018" /><testcase classname="backend.tests.test_notifications.TestDashboardRequiresAttention" name="test_metrics_requires_attention" time="0.122" /><testcase classname="backend.tests.test_notifications.TestDashboardRequiresAttention" name="test_dashboard_task_notif_dedup" time="0.666" /></testsuite></testsuites>