<?xml version="1.0" encoding="utf-8"?><testsuites name="pytest tests"><testsuite name="pytest" errors="0" failures="1" skipped="0" tests="12" time="11.598" timestamp="2026-06-03T15:44:53.852713+00:00" hostname="agent-env-00e07d3c-4466-4bf8-9d60-63b419f0a22a"><testcase classname="backend.tests.test_ai_bot_http.TestBotSettings" name="test_get_bot_settings" time="0.274" /><testcase classname="backend.tests.test_ai_bot_http.TestBotSettings" name="test_patch_threshold_out_of_range_400" time="0.223" /><testcase classname="backend.tests.test_ai_bot_http.TestBotSettings" name="test_patch_threshold_valid_persists" time="0.367" /><testcase classname="backend.tests.test_ai_bot_http.TestBotSettings" name="test_patch_invalid_model_400" time="0.184" /><testcase classname="backend.tests.test_ai_bot_http.TestBotSettings" name="test_patch_invalid_ctxmax_400" time="0.127" /><testcase classname="backend.tests.test_ai_bot_http.TestBotSettings" name="test_patch_restore_ctxmax_12" time="0.141" /><testcase classname="backend.tests.test_ai_bot_http.TestBotConversation" name="test_reactivate_bot" time="0.231" /><testcase classname="backend.tests.test_ai_bot_http.TestBotConversation" name="test_summary_regenerate" time="6.778" /><testcase classname="backend.tests.test_ai_bot_http.TestBotConversation" name="test_suggest_reply" time="2.801" /><testcase classname="backend.tests.test_ai_bot_http.TestRegression" name="test_list_conversations" time="0.136" /><testcase classname="backend.tests.test_ai_bot_http.TestRegression" name="test_get_conversation_detail" time="0.127" /><testcase classname="backend.tests.test_ai_bot_http.TestRegression" name="test_post_message" time="0.116"><failure message="AssertionError: Internal Server Error&#10;assert 500 in (200, 201)&#10; +  where 500 = &lt;Response [500]&gt;.status_code">backend/tests/test_ai_bot_http.py:110: in test_post_message
    assert r.status_code in (200, 201), r.text
E   AssertionError: Internal Server Error
E   assert 500 in (200, 201)
E    +  where 500 = &lt;Response [500]&gt;.status_code</failure></testcase></testsuite></testsuites>