<?xml version="1.0" encoding="utf-8"?><testsuites name="pytest tests"><testsuite name="pytest" errors="0" failures="0" skipped="0" tests="17" time="15.049" timestamp="2026-06-02T23:02:56.391979+00:00" hostname="agent-env-6cf6a180-69a8-4dc2-8767-0ebb6441c353"><testcase classname="backend.tests.test_flowdesk_api.TestAuth" name="test_me_unauthenticated" time="0.224" /><testcase classname="backend.tests.test_flowdesk_api.TestAuth" name="test_me_admin" time="0.109" /><testcase classname="backend.tests.test_flowdesk_api.TestDashboard" name="test_metrics" time="0.118" /><testcase classname="backend.tests.test_flowdesk_api.TestContacts" name="test_list" time="0.139" /><testcase classname="backend.tests.test_flowdesk_api.TestContacts" name="test_search" time="0.145" /><testcase classname="backend.tests.test_flowdesk_api.TestContacts" name="test_create" time="0.241" /><testcase classname="backend.tests.test_flowdesk_api.TestLeads" name="test_list_and_filters" time="0.379" /><testcase classname="backend.tests.test_flowdesk_api.TestLeads" name="test_create_get_update_delete" time="0.684" /><testcase classname="backend.tests.test_flowdesk_api.TestNotes" name="test_create_note_appears_in_lead" time="0.312" /><testcase classname="backend.tests.test_flowdesk_api.TestConversations" name="test_list_and_filters" time="0.280" /><testcase classname="backend.tests.test_flowdesk_api.TestConversations" name="test_detail_send_handoff" time="0.781" /><testcase classname="backend.tests.test_flowdesk_api.TestAI" name="test_ai_summary_real" time="5.026" /><testcase classname="backend.tests.test_flowdesk_api.TestAI" name="test_ai_suggest_real" time="5.513" /><testcase classname="backend.tests.test_flowdesk_api.TestTasks" name="test_crud_toggle" time="0.482" /><testcase classname="backend.tests.test_flowdesk_api.TestAdminRBAC" name="test_list_users_admin" time="0.112" /><testcase classname="backend.tests.test_flowdesk_api.TestAdminRBAC" name="test_role_change_admin" time="0.217" /><testcase classname="backend.tests.test_flowdesk_api.TestAdminRBAC" name="test_non_admin_forbidden" time="0.115" /></testsuite></testsuites>