<?xml version="1.0" encoding="utf-8"?><testsuites name="pytest tests"><testsuite name="pytest" errors="0" failures="0" skipped="1" tests="17" time="12.368" timestamp="2026-06-02T23:49:38.760100+00:00" hostname="agent-env-6cf6a180-69a8-4dc2-8767-0ebb6441c353"><testcase classname="backend.tests.test_lead_no_response.TestSettings" name="test_get_settings_defaults" time="0.632" /><testcase classname="backend.tests.test_lead_no_response.TestSettings" name="test_patch_settings_admin" time="0.467" /><testcase classname="backend.tests.test_lead_no_response.TestSettings" name="test_patch_settings_threshold_min_clamp" time="0.306" /><testcase classname="backend.tests.test_lead_no_response.TestSettings" name="test_patch_settings_non_admin_forbidden" time="0.117" /><testcase classname="backend.tests.test_lead_no_response.TestLeadNoResponseScan" name="test_scan_creates_notif_for_unanswered_customer" time="0.692" /><testcase classname="backend.tests.test_lead_no_response.TestLeadNoResponseScan" name="test_scan_is_idempotent" time="1.025" /><testcase classname="backend.tests.test_lead_no_response.TestLeadNoResponseScan" name="test_agent_reply_suppresses_lnr" time="1.249" /><testcase classname="backend.tests.test_lead_no_response.TestLeadNoResponseScan" name="test_bot_reply_suppresses_lnr" time="1.037" /><testcase classname="backend.tests.test_lead_no_response.TestLeadNoResponseScan" name="test_won_lost_lead_suppresses_lnr" time="1.206" /><testcase classname="backend.tests.test_lead_no_response.TestLeadNoResponseScan" name="test_fallback_to_admins_when_unassigned" time="0.975" /><testcase classname="backend.tests.test_lead_no_response.TestLeadNoResponseScan" name="test_disabled_setting_creates_nothing" time="0.668" /><testcase classname="backend.tests.test_lead_no_response.TestLeadNoResponseScan" name="test_threshold_change_affects_qualification" time="0.982" /><testcase classname="backend.tests.test_lead_no_response.TestDashboardNoResponse" name="test_metrics_includes_no_response_list" time="0.573" /><testcase classname="backend.tests.test_lead_no_response.TestDashboardNoResponse" name="test_metrics_no_response_empty_when_disabled" time="0.514" /><testcase classname="backend.tests.test_lead_no_response.TestSpanishStrings" name="test_spanish_titles" time="1.114" /><testcase classname="backend.tests.test_lead_no_response.TestNotificationBellRegression" name="test_unread_count_and_mark_all_read" time="0.358" /><testcase classname="backend.tests.test_lead_no_response.TestNotificationBellRegression" name="test_mark_single_read" time="0.353"><skipped type="pytest.skip" message="no unread to mark">/app/backend/tests/test_lead_no_response.py:374: no unread to mark</skipped></testcase></testsuite></testsuites>