<?xml version="1.0" encoding="utf-8"?><testsuites name="pytest tests"><testsuite name="pytest" errors="0" failures="3" skipped="0" tests="12" time="3.216" timestamp="2026-06-03T15:38:22.669656+00:00" hostname="agent-env-00e07d3c-4466-4bf8-9d60-63b419f0a22a"><testcase classname="backend.tests.test_ai_bot_http.TestBotSettings" name="test_get_bot_settings" time="0.316" /><testcase classname="backend.tests.test_ai_bot_http.TestBotSettings" name="test_patch_threshold_out_of_range_400" time="0.112" /><testcase classname="backend.tests.test_ai_bot_http.TestBotSettings" name="test_patch_threshold_valid_persists" time="0.238" /><testcase classname="backend.tests.test_ai_bot_http.TestBotSettings" name="test_patch_invalid_model_400" time="0.139" /><testcase classname="backend.tests.test_ai_bot_http.TestBotSettings" name="test_patch_invalid_ctxmax_400" time="0.109" /><testcase classname="backend.tests.test_ai_bot_http.TestBotSettings" name="test_patch_restore_ctxmax_12" time="0.123" /><testcase classname="backend.tests.test_ai_bot_http.TestBotConversation" name="test_reactivate_bot" time="0.262" /><testcase classname="backend.tests.test_ai_bot_http.TestBotConversation" name="test_summary_regenerate" time="1.353"><failure message="AssertionError: Internal Server Error&#10;assert 500 == 200&#10; +  where 500 = &lt;Response [500]&gt;.status_code">backend/tests/test_ai_bot_http.py:77: in test_summary_regenerate
    assert r.status_code == 200, r.text
E   AssertionError: Internal Server Error
E   assert 500 == 200
E    +  where 500 = &lt;Response [500]&gt;.status_code</failure></testcase><testcase classname="backend.tests.test_ai_bot_http.TestBotConversation" name="test_suggest_reply" time="0.107"><failure message="AssertionError: Internal Server Error&#10;assert 500 == 200&#10; +  where 500 = &lt;Response [500]&gt;.status_code">backend/tests/test_ai_bot_http.py:84: in test_suggest_reply
    assert r.status_code == 200, r.text
E   AssertionError: Internal Server Error
E   assert 500 == 200
E    +  where 500 = &lt;Response [500]&gt;.status_code</failure></testcase><testcase classname="backend.tests.test_ai_bot_http.TestRegression" name="test_list_conversations" time="0.125" /><testcase classname="backend.tests.test_ai_bot_http.TestRegression" name="test_get_conversation_detail" time="0.108" /><testcase classname="backend.tests.test_ai_bot_http.TestRegression" name="test_post_message" time="0.111"><failure message="AssertionError: Internal Server Error&#10;assert 500 in (200, 201)&#10; +  where 500 = &lt;Response [500]&gt;.status_code">backend/tests/test_ai_bot_http.py:107: in test_post_message
    assert r.status_code in (200, 201), r.text
E   AssertionError: Internal Server Error
E   assert 500 in (200, 201)
E    +  where 500 = &lt;Response [500]&gt;.status_code</failure></testcase></testsuite></testsuites>